<?xml version="1.0" encoding="UTF-8"?>
<!-- Generated by org.testng.reporters.JUnitReportReporter -->
<testsuite hostname="LAPTOP-L8OSS77V" failures="0" tests="1" name="tests.GETANDPOSTEXMAPLES" time="4.743" errors="0" timestamp="2021-06-23T17:49:50 IST" skipped="0">
  <testcase classname="tests.GETANDPOSTEXMAPLES" name="Testpost" time="4.743"/>
  <system-out/>
</testsuite> <!-- tests.GETANDPOSTEXMAPLES -->
