<?xml version="1.0" encoding="UTF-8"?>
<!-- Generated by org.testng.reporters.JUnitReportReporter -->
<testsuite hostname="LAPTOP-L8OSS77V" failures="0" tests="2" name="tests.TestOne" time="6.332" errors="0" timestamp="2021-06-23T16:13:20 IST" skipped="0">
  <testcase classname="tests.TestOne" name="test1" time="4.458"/>
  <system-out/>
  <testcase classname="tests.TestOne" name="test2" time="1.874"/>
  <system-out/>
</testsuite> <!-- tests.TestOne -->
