<?xml version="1.0" encoding="UTF-8"?>
<!-- Generated by org.testng.reporters.JUnitReportReporter -->
<testsuite hostname="LAPTOP-L8OSS77V" failures="0" tests="3" name="tests.PUTPATCHDEL" time="6.198" errors="0" timestamp="2021-06-23T20:01:23 IST" skipped="0">
  <testcase classname="tests.PUTPATCHDEL" name="Testpatch" time="0.785"/>
  <system-out/>
  <testcase classname="tests.PUTPATCHDEL" name="Testput" time="0.603"/>
  <system-out/>
  <testcase classname="tests.PUTPATCHDEL" name="TestDEL" time="4.810"/>
  <system-out/>
</testsuite> <!-- tests.PUTPATCHDEL -->
